
> okpi-frontend@0.0.1 dev
> vite --host 127.0.0.1 --port 5173 --strictPort


  [32m[1mVITE[22m v6.4.2[39m  [2mready in [0m[1m617[22m[2m[0m ms[22m

  [32m➜[39m  [1mLocal[22m:   [36mhttp://127.0.0.1:[1m5173[22m/[39m
[2m12:19:02 pm[22m [36m[1m[vite][22m[39m [90m[2m(client)[22m[39m [32mhmr update [39m[2m/src/contexts/AuthContext.jsx, /src/index.css[22m
[2m12:19:02 pm[22m [36m[1m[vite][22m[39m [90m[2m(client)[22m[39m [33mhmr invalidate [39m[2m/src/contexts/AuthContext.jsx[22m Could not Fast Refresh ("AuthContext" export is incompatible). Learn more at https://github.com/vitejs/vite-plugin-react/tree/main/packages/plugin-react#consistent-components-exports
[2m12:19:02 pm[22m [36m[1m[vite][22m[39m [90m[2m(client)[22m[39m [32mpage reload [39m[2msrc/contexts/AuthContext.jsx[22m
[2m12:19:08 pm[22m [36m[1m[vite][22m[39m [90m[2m(client)[22m[39m [32mhmr update [39m[2m/src/pages/auth/RegisterPage.jsx, /src/index.css[22m
[2m12:45:31 pm[22m [36m[1m[vite][22m[39m [90m[2m(client)[22m[39m [32mpage reload [39m[2mtailwind.config.js[22m
[2m12:45:31 pm[22m [36m[1m[vite][22m[39m [90m[2m(client)[22m[39m [32mhmr update [39m[2m/src/index.css[22m
[2m12:46:09 pm[22m [36m[1m[vite][22m[39m [90m[2m(client)[22m[39m [32mhmr update [39m[2m/src/components/common/Button.jsx, /src/index.css[22m
[2m12:46:09 pm[22m [36m[1m[vite][22m[39m [90m[2m(client)[22m[39m [32mhmr update [39m[2m/src/components/common/Input.jsx, /src/index.css[22m
[2m12:46:09 pm[22m [36m[1m[vite][22m[39m [90m[2m(client)[22m[39m [32mhmr update [39m[2m/src/components/common/ErrorAlert.jsx, /src/index.css[22m
[2m12:46:09 pm[22m [36m[1m[vite][22m[39m [90m[2m(client)[22m[39m [32mhmr update [39m[2m/src/components/charts/ProgressBar.jsx, /src/index.css[22m
[2m12:46:09 pm[22m [36m[1m[vite][22m[39m [90m[2m(client)[22m[39m [32mhmr update [39m[2m/src/components/common/LoadingSpinner.jsx, /src/index.css[22m
[2m12:46:09 pm[22m [36m[1m[vite][22m[39m [90m[2m(client)[22m[39m [32mhmr update [39m[2m/src/components/common/Pagination.jsx, /src/index.css[22m
[2m12:46:09 pm[22m [36m[1m[vite][22m[39m [90m[2m(client)[22m[39m [32mhmr update [39m[2m/src/components/common/Table.jsx, /src/index.css[22m
[2m12:46:09 pm[22m [36m[1m[vite][22m[39m [90m[2m(client)[22m[39m [32mpage reload [39m[2msrc/components/common/Modal.jsx[22m
[2m12:46:09 pm[22m [36m[1m[vite][22m[39m [90m[2m(client)[22m[39m [32mhmr update [39m[2m/src/components/common/StatusBadge.jsx, /src/index.css[22m
[2m12:46:09 pm[22m [36m[1m[vite][22m[39m [90m[2m(client)[22m[39m [32mhmr update [39m[2m/src/components/layout/Footer.jsx, /src/index.css[22m
[2m12:46:09 pm[22m [36m[1m[vite][22m[39m [90m[2m(client)[22m[39m [32mhmr update [39m[2m/src/components/charts/TrendIndicator.jsx, /src/index.css[22m
[2m12:46:09 pm[22m [36m[1m[vite][22m[39m [90m[2m(client)[22m[39m [32mhmr update [39m[2m/src/components/charts/StatsCard.jsx, /src/index.css[22m
[2m12:46:21 pm[22m [36m[1m[vite][22m[39m [90m[2m(client)[22m[39m [32mhmr update [39m[2m/src/contexts/AuthContext.jsx, /src/index.css, /src/routes/AppRoutes.jsx, /src/pages/objectives/ObjectiveDetailPage.jsx, /src/pages/objectives/ObjectivesListPage.jsx, /src/pages/objectives/ObjectiveFormPage.jsx, /src/pages/dashboard/DashboardPage.jsx, /src/pages/kpis/KpiDetailPage.jsx, /src/pages/kpis/KpisListPage.jsx, /src/pages/kpis/KpiFormPage.jsx, /src/components/common/StatusBadge.jsx, /src/components/layout/Sidebar.jsx[22m
[2m12:46:58 pm[22m [36m[1m[vite][22m[39m [90m[2m(client)[22m[39m [32mhmr update [39m[2m/src/components/common/Button.jsx, /src/index.css[22m
[2m12:47:31 pm[22m [36m[1m[vite][22m[39m [90m[2m(client)[22m[39m [32mhmr update [39m[2m/src/components/layout/MainLayout.jsx, /src/index.css[22m
[2m12:47:31 pm[22m [36m[1m[vite][22m[39m [90m[2m(client)[22m[39m [32mhmr update [39m[2m/src/components/layout/Navbar.jsx, /src/index.css[22m
[2m12:47:31 pm[22m [36m[1m[vite][22m[39m [90m[2m(client)[22m[39m [32mhmr update [39m[2m/src/components/layout/Sidebar.jsx, /src/index.css[22m
[2m12:47:55 pm[22m [36m[1m[vite][22m[39m [90m[2m(client)[22m[39m [32mhmr update [39m[2m/src/components/layout/MainLayout.jsx, /src/index.css[22m
[2m12:47:55 pm[22m [36m[1m[vite][22m[39m [90m[2m(client)[22m[39m [32mhmr update [39m[2m/src/components/layout/Sidebar.jsx, /src/index.css[22m
[2m12:48:26 pm[22m [36m[1m[vite][22m[39m [90m[2m(client)[22m[39m [32mhmr update [39m[2m/src/pages/auth/LoginPage.jsx, /src/index.css[22m
[2m12:48:26 pm[22m [36m[1m[vite][22m[39m [90m[2m(client)[22m[39m [32mhmr update [39m[2m/src/pages/auth/RegisterPage.jsx, /src/index.css[22m
[2m12:49:22 pm[22m [36m[1m[vite][22m[39m [90m[2m(client)[22m[39m [32mhmr update [39m[2m/src/pages/dashboard/DashboardPage.jsx, /src/index.css[22m
[2m12:49:43 pm[22m [36m[1m[vite][22m[39m [90m[2m(client)[22m[39m [32mhmr update [39m[2m/src/pages/dashboard/DashboardPage.jsx, /src/index.css[22m
[2m12:49:54 pm[22m [36m[1m[vite][22m[39m [90m[2m(client)[22m[39m [32mhmr update [39m[2m/src/pages/dashboard/DashboardPage.jsx, /src/index.css[22m
[2m12:50:20 pm[22m [36m[1m[vite][22m[39m [90m[2m(client)[22m[39m [32mhmr update [39m[2m/src/components/layout/Navbar.jsx, /src/index.css[22m
[2m12:50:36 pm[22m [36m[1m[vite][22m[39m [90m[2m(client)[22m[39m [32mhmr update [39m[2m/src/pages/objectives/ObjectiveFormPage.jsx, /src/index.css[22m
[2m12:50:36 pm[22m [36m[1m[vite][22m[39m [90m[2m(client)[22m[39m [32mhmr update [39m[2m/src/pages/kpis/KpiFormPage.jsx, /src/index.css[22m
[2m12:51:06 pm[22m [36m[1m[vite][22m[39m [90m[2m(client)[22m[39m [32mhmr update [39m[2m/src/pages/NotFoundPage.jsx, /src/index.css[22m
[2m12:51:51 pm[22m [36m[1m[vite][22m[39m [90m[2m(client)[22m[39m [32mpage reload [39m[2mtailwind.config.js[22m
[2m12:53:45 pm[22m [36m[1m[vite][22m[39m [90m[2m(client)[22m[39m [32mhmr update [39m[2m/src/pages/dashboard/DashboardPage.jsx, /src/index.css[22m
[2m12:53:45 pm[22m [36m[1m[vite][22m[39m [90m[2m(client)[22m[39m [32mhmr update [39m[2m/src/pages/objectives/ObjectiveFormPage.jsx, /src/index.css[22m
[2m12:55:17 pm[22m [36m[1m[vite][22m[39m [90m[2m(client)[22m[39m [32m✨ new dependencies optimized: [33mlucide-react[32m[39m
[2m12:55:17 pm[22m [36m[1m[vite][22m[39m [90m[2m(client)[22m[39m [32m✨ optimized dependencies changed. reloading[39m
