[2m12:55:16 pm[22m [31m[1m[vite][22m[39m [31mInternal server error: [postcss] C:/Users/INSSA6/OneDrive - Laerdal Medical AS/Desktop/okpi/okpi-frontend/src/index.css:37:3: The `border-slate-200` class does not exist. If `border-slate-200` is a custom class, make sure it is defined within a `@layer` directive.[39m
  Plugin: [35mvite:css[39m
  File: [36mC:/Users/INSSA6/OneDrive - Laerdal Medical AS/Desktop/okpi/okpi-frontend/src/index.css[39m:37:2
[33m  35 |  
  36 |  .card-surface {
  37 |    @apply rounded-[28px] border border-slate-200 bg-white shadow-[0_18px_50px_rgba(15,23,42,0.08)];
     |    ^
  38 |  }
  39 |  [39m
      at Input.error (C:\Users\INSSA6\OneDrive - Laerdal Medical AS\Desktop\okpi\okpi-frontend\node_modules\postcss\lib\input.js:135:16)
      at AtRule.error (C:\Users\INSSA6\OneDrive - Laerdal Medical AS\Desktop\okpi\okpi-frontend\node_modules\postcss\lib\node.js:146:32)
      at processApply (C:\Users\INSSA6\OneDrive - Laerdal Medical AS\Desktop\okpi\okpi-frontend\node_modules\tailwindcss\lib\lib\expandApplyAtRules.js:380:29)
      at C:\Users\INSSA6\OneDrive - Laerdal Medical AS\Desktop\okpi\okpi-frontend\node_modules\tailwindcss\lib\lib\expandApplyAtRules.js:551:9
      at C:\Users\INSSA6\OneDrive - Laerdal Medical AS\Desktop\okpi\okpi-frontend\node_modules\tailwindcss\lib\processTailwindFeatures.js:55:50
      at async plugins (C:\Users\INSSA6\OneDrive - Laerdal Medical AS\Desktop\okpi\okpi-frontend\node_modules\tailwindcss\lib\plugin.js:38:17)
      at async LazyResult.runAsync (C:\Users\INSSA6\OneDrive - Laerdal Medical AS\Desktop\okpi\okpi-frontend\node_modules\postcss\lib\lazy-result.js:293:11)
      at async runPostCSS (file:///C:/Users/INSSA6/OneDrive%20-%20Laerdal%20Medical%20AS/Desktop/okpi/okpi-frontend/node_modules/vite/dist/node/chunks/dep-Dq2t6Dq0.js:43878:21)
      at async compilePostCSS (file:///C:/Users/INSSA6/OneDrive%20-%20Laerdal%20Medical%20AS/Desktop/okpi/okpi-frontend/node_modules/vite/dist/node/chunks/dep-Dq2t6Dq0.js:43848:18)
      at async compileCSS (file:///C:/Users/INSSA6/OneDrive%20-%20Laerdal%20Medical%20AS/Desktop/okpi/okpi-frontend/node_modules/vite/dist/node/chunks/dep-Dq2t6Dq0.js:43703:27)
      at async TransformPluginContext.handler (file:///C:/Users/INSSA6/OneDrive%20-%20Laerdal%20Medical%20AS/Desktop/okpi/okpi-frontend/node_modules/vite/dist/node/chunks/dep-Dq2t6Dq0.js:43019:11)
      at async EnvironmentPluginContainer.transform (file:///C:/Users/INSSA6/OneDrive%20-%20Laerdal%20Medical%20AS/Desktop/okpi/okpi-frontend/node_modules/vite/dist/node/chunks/dep-Dq2t6Dq0.js:42348:18)
      at async loadAndTransform (file:///C:/Users/INSSA6/OneDrive%20-%20Laerdal%20Medical%20AS/Desktop/okpi/okpi-frontend/node_modules/vite/dist/node/chunks/dep-Dq2t6Dq0.js:35740:27)
[2m12:55:16 pm[22m [31m[1m[vite][22m[39m [31m[2m(client)[22m[39m Pre-transform error: [postcss] C:/Users/INSSA6/OneDrive - Laerdal Medical AS/Desktop/okpi/okpi-frontend/src/index.css:37:3: The `border-slate-200` class does not exist. If `border-slate-200` is a custom class, make sure it is defined within a `@layer` directive.
  Plugin: [35mvite:css[39m
  File: [36mC:/Users/INSSA6/OneDrive - Laerdal Medical AS/Desktop/okpi/okpi-frontend/src/index.css[39m:37:2
[33m  35 |  
  36 |  .card-surface {
  37 |    @apply rounded-[28px] border border-slate-200 bg-white shadow-[0_18px_50px_rgba(15,23,42,0.08)];
     |    ^
  38 |  }
  39 |  [39m
[2m12:55:17 pm[22m [31m[1m[vite][22m[39m [31m[2m(client)[22m[39m Pre-transform error: [postcss] C:/Users/INSSA6/OneDrive - Laerdal Medical AS/Desktop/okpi/okpi-frontend/src/index.css:37:3: The `border-slate-200` class does not exist. If `border-slate-200` is a custom class, make sure it is defined within a `@layer` directive.
  Plugin: [35mvite:css[39m
  File: [36mC:/Users/INSSA6/OneDrive - Laerdal Medical AS/Desktop/okpi/okpi-frontend/src/index.css[39m:37:2
[33m  35 |  
  36 |  .card-surface {
  37 |    @apply rounded-[28px] border border-slate-200 bg-white shadow-[0_18px_50px_rgba(15,23,42,0.08)];
     |    ^
  38 |  }
  39 |  [39m
[2m12:55:17 pm[22m [31m[1m[vite][22m[39m [31mInternal server error: [postcss] C:/Users/INSSA6/OneDrive - Laerdal Medical AS/Desktop/okpi/okpi-frontend/src/index.css:37:3: The `border-slate-200` class does not exist. If `border-slate-200` is a custom class, make sure it is defined within a `@layer` directive.[39m
  Plugin: [35mvite:css[39m
  File: [36mC:/Users/INSSA6/OneDrive - Laerdal Medical AS/Desktop/okpi/okpi-frontend/src/index.css[39m:37:2
[33m  35 |  
  36 |  .card-surface {
  37 |    @apply rounded-[28px] border border-slate-200 bg-white shadow-[0_18px_50px_rgba(15,23,42,0.08)];
     |    ^
  38 |  }
  39 |  [39m
      at Input.error (C:\Users\INSSA6\OneDrive - Laerdal Medical AS\Desktop\okpi\okpi-frontend\node_modules\postcss\lib\input.js:135:16)
      at AtRule.error (C:\Users\INSSA6\OneDrive - Laerdal Medical AS\Desktop\okpi\okpi-frontend\node_modules\postcss\lib\node.js:146:32)
      at processApply (C:\Users\INSSA6\OneDrive - Laerdal Medical AS\Desktop\okpi\okpi-frontend\node_modules\tailwindcss\lib\lib\expandApplyAtRules.js:380:29)
      at C:\Users\INSSA6\OneDrive - Laerdal Medical AS\Desktop\okpi\okpi-frontend\node_modules\tailwindcss\lib\lib\expandApplyAtRules.js:551:9
      at C:\Users\INSSA6\OneDrive - Laerdal Medical AS\Desktop\okpi\okpi-frontend\node_modules\tailwindcss\lib\processTailwindFeatures.js:55:50
      at async plugins (C:\Users\INSSA6\OneDrive - Laerdal Medical AS\Desktop\okpi\okpi-frontend\node_modules\tailwindcss\lib\plugin.js:38:17)
      at async LazyResult.runAsync (C:\Users\INSSA6\OneDrive - Laerdal Medical AS\Desktop\okpi\okpi-frontend\node_modules\postcss\lib\lazy-result.js:293:11)
      at async runPostCSS (file:///C:/Users/INSSA6/OneDrive%20-%20Laerdal%20Medical%20AS/Desktop/okpi/okpi-frontend/node_modules/vite/dist/node/chunks/dep-Dq2t6Dq0.js:43878:21)
      at async compilePostCSS (file:///C:/Users/INSSA6/OneDrive%20-%20Laerdal%20Medical%20AS/Desktop/okpi/okpi-frontend/node_modules/vite/dist/node/chunks/dep-Dq2t6Dq0.js:43848:18)
      at async compileCSS (file:///C:/Users/INSSA6/OneDrive%20-%20Laerdal%20Medical%20AS/Desktop/okpi/okpi-frontend/node_modules/vite/dist/node/chunks/dep-Dq2t6Dq0.js:43703:27)
      at async TransformPluginContext.handler (file:///C:/Users/INSSA6/OneDrive%20-%20Laerdal%20Medical%20AS/Desktop/okpi/okpi-frontend/node_modules/vite/dist/node/chunks/dep-Dq2t6Dq0.js:43019:11)
      at async EnvironmentPluginContainer.transform (file:///C:/Users/INSSA6/OneDrive%20-%20Laerdal%20Medical%20AS/Desktop/okpi/okpi-frontend/node_modules/vite/dist/node/chunks/dep-Dq2t6Dq0.js:42348:18)
      at async loadAndTransform (file:///C:/Users/INSSA6/OneDrive%20-%20Laerdal%20Medical%20AS/Desktop/okpi/okpi-frontend/node_modules/vite/dist/node/chunks/dep-Dq2t6Dq0.js:35740:27)
      at async viteTransformMiddleware (file:///C:/Users/INSSA6/OneDrive%20-%20Laerdal%20Medical%20AS/Desktop/okpi/okpi-frontend/node_modules/vite/dist/node/chunks/dep-Dq2t6Dq0.js:37264:24)
[2m12:56:41 pm[22m [31m[1m[vite][22m[39m [31mInternal server error: [postcss] C:/Users/INSSA6/OneDrive - Laerdal Medical AS/Desktop/okpi/okpi-frontend/src/index.css:37:3: The `border-slate-200` class does not exist. If `border-slate-200` is a custom class, make sure it is defined within a `@layer` directive.[39m
  Plugin: [35mvite:css[39m
  File: [36mC:/Users/INSSA6/OneDrive - Laerdal Medical AS/Desktop/okpi/okpi-frontend/src/index.css[39m:37:2
[33m  35 |  
  36 |  .card-surface {
  37 |    @apply rounded-[28px] border border-slate-200 bg-white shadow-[0_18px_50px_rgba(15,23,42,0.08)];
     |    ^
  38 |  }
  39 |  [39m
      at Input.error (C:\Users\INSSA6\OneDrive - Laerdal Medical AS\Desktop\okpi\okpi-frontend\node_modules\postcss\lib\input.js:135:16)
      at AtRule.error (C:\Users\INSSA6\OneDrive - Laerdal Medical AS\Desktop\okpi\okpi-frontend\node_modules\postcss\lib\node.js:146:32)
      at processApply (C:\Users\INSSA6\OneDrive - Laerdal Medical AS\Desktop\okpi\okpi-frontend\node_modules\tailwindcss\lib\lib\expandApplyAtRules.js:380:29)
      at C:\Users\INSSA6\OneDrive - Laerdal Medical AS\Desktop\okpi\okpi-frontend\node_modules\tailwindcss\lib\lib\expandApplyAtRules.js:551:9
      at C:\Users\INSSA6\OneDrive - Laerdal Medical AS\Desktop\okpi\okpi-frontend\node_modules\tailwindcss\lib\processTailwindFeatures.js:55:50
      at async plugins (C:\Users\INSSA6\OneDrive - Laerdal Medical AS\Desktop\okpi\okpi-frontend\node_modules\tailwindcss\lib\plugin.js:38:17)
      at async LazyResult.runAsync (C:\Users\INSSA6\OneDrive - Laerdal Medical AS\Desktop\okpi\okpi-frontend\node_modules\postcss\lib\lazy-result.js:293:11)
      at async runPostCSS (file:///C:/Users/INSSA6/OneDrive%20-%20Laerdal%20Medical%20AS/Desktop/okpi/okpi-frontend/node_modules/vite/dist/node/chunks/dep-Dq2t6Dq0.js:43878:21)
      at async compilePostCSS (file:///C:/Users/INSSA6/OneDrive%20-%20Laerdal%20Medical%20AS/Desktop/okpi/okpi-frontend/node_modules/vite/dist/node/chunks/dep-Dq2t6Dq0.js:43848:18)
      at async compileCSS (file:///C:/Users/INSSA6/OneDrive%20-%20Laerdal%20Medical%20AS/Desktop/okpi/okpi-frontend/node_modules/vite/dist/node/chunks/dep-Dq2t6Dq0.js:43703:27)
      at async TransformPluginContext.handler (file:///C:/Users/INSSA6/OneDrive%20-%20Laerdal%20Medical%20AS/Desktop/okpi/okpi-frontend/node_modules/vite/dist/node/chunks/dep-Dq2t6Dq0.js:43019:11)
      at async EnvironmentPluginContainer.transform (file:///C:/Users/INSSA6/OneDrive%20-%20Laerdal%20Medical%20AS/Desktop/okpi/okpi-frontend/node_modules/vite/dist/node/chunks/dep-Dq2t6Dq0.js:42348:18)
      at async loadAndTransform (file:///C:/Users/INSSA6/OneDrive%20-%20Laerdal%20Medical%20AS/Desktop/okpi/okpi-frontend/node_modules/vite/dist/node/chunks/dep-Dq2t6Dq0.js:35740:27)
      at async viteTransformMiddleware (file:///C:/Users/INSSA6/OneDrive%20-%20Laerdal%20Medical%20AS/Desktop/okpi/okpi-frontend/node_modules/vite/dist/node/chunks/dep-Dq2t6Dq0.js:37264:24)
