[INFO] Scanning for projects...
[WARNING] 
[WARNING] Some problems were encountered while building the effective model for com.laerdal:okpi-discovery-server:jar:0.0.1-SNAPSHOT
[WARNING] 'build.plugins.plugin.version' for org.springframework.boot:spring-boot-maven-plugin is missing. @ line 38, column 21
[WARNING] 
[WARNING] Some problems were encountered while building the effective model for com.laerdal:okpi-api-gateway:jar:0.0.1-SNAPSHOT
[WARNING] 'build.plugins.plugin.version' for org.springframework.boot:spring-boot-maven-plugin is missing. @ line 67, column 21
[WARNING] 
[WARNING] Some problems were encountered while building the effective model for com.laerdal:okpi-auth-service:jar:0.0.1-SNAPSHOT
[WARNING] 'build.plugins.plugin.version' for org.springframework.boot:spring-boot-maven-plugin is missing. @ line 113, column 21
[WARNING] 
[WARNING] Some problems were encountered while building the effective model for com.laerdal:okpi-objective-service:jar:0.0.1-SNAPSHOT
[WARNING] 'build.plugins.plugin.version' for org.apache.maven.plugins:maven-compiler-plugin is missing. @ line 80, column 21
[WARNING] 'build.plugins.plugin.version' for org.springframework.boot:spring-boot-maven-plugin is missing. @ line 98, column 21
[WARNING] 
[WARNING] Some problems were encountered while building the effective model for com.laerdal:okpi-kpi-service:jar:0.0.1-SNAPSHOT
[WARNING] 'build.plugins.plugin.version' for org.springframework.boot:spring-boot-maven-plugin is missing. @ line 74, column 21
[WARNING] 
[WARNING] It is highly recommended to fix these problems because they threaten the stability of your build.
[WARNING] 
[WARNING] For this reason, future Maven versions might no longer support building such malformed projects.
[WARNING] 
[INFO] 
[INFO] -----------------< com.laerdal:okpi-objective-service >-----------------
[INFO] Building okpi-objective-service 0.0.1-SNAPSHOT
[INFO]   from pom.xml
[INFO] --------------------------------[ jar ]---------------------------------
[INFO] 
[INFO] >>> spring-boot:4.1.0-RC1:run (default-cli) > test-compile @ okpi-objective-service >>>
[INFO] 
[INFO] --- resources:3.4.0:resources (default-resources) @ okpi-objective-service ---
[INFO] Copying 4 resources from src\main\resources to target\classes
[INFO] 
[INFO] --- compiler:3.15.0:compile (default-compile) @ okpi-objective-service ---
[INFO] Recompiling the module because of added or removed source files.
[INFO] Compiling 33 source files with javac [debug target 21] to target\classes
[INFO] 
[INFO] --- resources:3.4.0:testResources (default-testResources) @ okpi-objective-service ---
[INFO] skip non existing resourceDirectory C:\Users\INSSA6\OneDrive - Laerdal Medical AS\Desktop\okpi\okpi-objective-service\src\test\resources
[INFO] 
[INFO] --- compiler:3.15.0:testCompile (default-testCompile) @ okpi-objective-service ---
[INFO] Recompiling the module because of changed dependency.
[INFO] Compiling 3 source files with javac [debug target 21] to target\test-classes
[INFO] 
[INFO] <<< spring-boot:4.1.0-RC1:run (default-cli) < test-compile @ okpi-objective-service <<<
[INFO] 
[INFO] 
[INFO] --- spring-boot:4.1.0-RC1:run (default-cli) @ okpi-objective-service ---
[INFO] Attaching agents: []

  .   ____          _            __ _ _
 /\\ / ___'_ __ _ _(_)_ __  __ _ \ \ \ \
( ( )\___ | '_ | '_| | '_ \/ _` | \ \ \ \
 \\/  ___)| |_)| | | | | || (_| |  ) ) ) )
  '  |____| .__|_| |_|_| |_\__, | / / / /
 =========|_|==============|___/=/_/_/_/
 :: Spring Boot ::                (v3.2.5)

2026-05-11T12:24:14.339+05:30  INFO 27268 --- [OKPI-OBJECTIVE-SERVICE] [           main] c.l.o.o.OkpiObjectiveServiceApplication  : Starting OkpiObjectiveServiceApplication using Java 21.0.10 with PID 27268 (C:\Users\INSSA6\OneDrive - Laerdal Medical AS\Desktop\okpi\okpi-objective-service\target\classes started by INSSA6 in C:\Users\INSSA6\OneDrive - Laerdal Medical AS\Desktop\okpi\okpi-objective-service)
2026-05-11T12:24:14.344+05:30  INFO 27268 --- [OKPI-OBJECTIVE-SERVICE] [           main] c.l.o.o.OkpiObjectiveServiceApplication  : No active profile set, falling back to 1 default profile: "default"
2026-05-11T12:24:15.593+05:30  INFO 27268 --- [OKPI-OBJECTIVE-SERVICE] [           main] .s.d.r.c.RepositoryConfigurationDelegate : Bootstrapping Spring Data JPA repositories in DEFAULT mode.
2026-05-11T12:24:15.787+05:30  INFO 27268 --- [OKPI-OBJECTIVE-SERVICE] [           main] .s.d.r.c.RepositoryConfigurationDelegate : Finished Spring Data repository scanning in 181 ms. Found 2 JPA repository interfaces.
2026-05-11T12:24:16.163+05:30  INFO 27268 --- [OKPI-OBJECTIVE-SERVICE] [           main] o.s.cloud.context.scope.GenericScope     : BeanFactory id=8e7ca740-62e1-3f7d-af6b-3fd61a53912e
2026-05-11T12:24:16.373+05:30  WARN 27268 --- [OKPI-OBJECTIVE-SERVICE] [           main] trationDelegate$BeanPostProcessorChecker : Bean 'org.springframework.cloud.client.loadbalancer.LoadBalancerAutoConfiguration$DeferringLoadBalancerInterceptorConfig' of type [org.springframework.cloud.client.loadbalancer.LoadBalancerAutoConfiguration$DeferringLoadBalancerInterceptorConfig] is not eligible for getting processed by all BeanPostProcessors (for example: not eligible for auto-proxying). The currently created BeanPostProcessor [lbRestClientPostProcessor] is declared through a non-static factory method on that class; consider declaring it as static instead.
2026-05-11T12:24:16.377+05:30  WARN 27268 --- [OKPI-OBJECTIVE-SERVICE] [           main] trationDelegate$BeanPostProcessorChecker : Bean 'deferringLoadBalancerInterceptor' of type [org.springframework.cloud.client.loadbalancer.DeferringLoadBalancerInterceptor] is not eligible for getting processed by all BeanPostProcessors (for example: not eligible for auto-proxying). Is this bean getting eagerly injected into a currently created BeanPostProcessor [lbRestClientPostProcessor]? Check the corresponding BeanPostProcessor declaration and its dependencies.
2026-05-11T12:24:16.648+05:30  INFO 27268 --- [OKPI-OBJECTIVE-SERVICE] [           main] o.s.b.w.embedded.tomcat.TomcatWebServer  : Tomcat initialized with port 8083 (http)
2026-05-11T12:24:16.667+05:30  INFO 27268 --- [OKPI-OBJECTIVE-SERVICE] [           main] o.apache.catalina.core.StandardService   : Starting service [Tomcat]
2026-05-11T12:24:16.668+05:30  INFO 27268 --- [OKPI-OBJECTIVE-SERVICE] [           main] o.apache.catalina.core.StandardEngine    : Starting Servlet engine: [Apache Tomcat/10.1.20]
2026-05-11T12:24:16.767+05:30  INFO 27268 --- [OKPI-OBJECTIVE-SERVICE] [           main] o.a.c.c.C.[Tomcat].[localhost].[/]       : Initializing Spring embedded WebApplicationContext
2026-05-11T12:24:16.769+05:30  INFO 27268 --- [OKPI-OBJECTIVE-SERVICE] [           main] w.s.c.ServletWebServerApplicationContext : Root WebApplicationContext: initialization completed in 2327 ms
2026-05-11T12:24:16.912+05:30  INFO 27268 --- [OKPI-OBJECTIVE-SERVICE] [           main] com.zaxxer.hikari.HikariDataSource       : HikariPool-1 - Starting...
2026-05-11T12:24:17.376+05:30  INFO 27268 --- [OKPI-OBJECTIVE-SERVICE] [           main] com.zaxxer.hikari.pool.HikariPool        : HikariPool-1 - Added connection com.mysql.cj.jdbc.ConnectionImpl@5d717f19
2026-05-11T12:24:17.380+05:30  INFO 27268 --- [OKPI-OBJECTIVE-SERVICE] [           main] com.zaxxer.hikari.HikariDataSource       : HikariPool-1 - Start completed.
2026-05-11T12:24:17.546+05:30  INFO 27268 --- [OKPI-OBJECTIVE-SERVICE] [           main] o.f.c.internal.license.VersionPrinter    : Flyway Community Edition 9.22.3 by Redgate
2026-05-11T12:24:17.547+05:30  INFO 27268 --- [OKPI-OBJECTIVE-SERVICE] [           main] o.f.c.internal.license.VersionPrinter    : See release notes here: https://rd.gt/416ObMi
2026-05-11T12:24:17.548+05:30  INFO 27268 --- [OKPI-OBJECTIVE-SERVICE] [           main] o.f.c.internal.license.VersionPrinter    : 
2026-05-11T12:24:17.580+05:30  INFO 27268 --- [OKPI-OBJECTIVE-SERVICE] [           main] org.flywaydb.core.FlywayExecutor         : Database: jdbc:mysql://localhost:3306/okpi_objective (MySQL 8.0)
2026-05-11T12:24:17.663+05:30  INFO 27268 --- [OKPI-OBJECTIVE-SERVICE] [           main] o.f.core.internal.command.DbValidate     : Successfully validated 3 migrations (execution time 00:00.044s)
2026-05-11T12:24:17.689+05:30  INFO 27268 --- [OKPI-OBJECTIVE-SERVICE] [           main] o.f.core.internal.command.DbMigrate      : Current version of schema `okpi_objective`: 3
2026-05-11T12:24:17.695+05:30  INFO 27268 --- [OKPI-OBJECTIVE-SERVICE] [           main] o.f.core.internal.command.DbMigrate      : Schema `okpi_objective` is up to date. No migration necessary.
2026-05-11T12:24:17.832+05:30  INFO 27268 --- [OKPI-OBJECTIVE-SERVICE] [           main] o.hibernate.jpa.internal.util.LogHelper  : HHH000204: Processing PersistenceUnitInfo [name: default]
2026-05-11T12:24:17.915+05:30  INFO 27268 --- [OKPI-OBJECTIVE-SERVICE] [           main] org.hibernate.Version                    : HHH000412: Hibernate ORM core version 6.4.4.Final
2026-05-11T12:24:17.964+05:30  INFO 27268 --- [OKPI-OBJECTIVE-SERVICE] [           main] o.h.c.internal.RegionFactoryInitiator    : HHH000026: Second-level cache disabled
2026-05-11T12:24:18.259+05:30  INFO 27268 --- [OKPI-OBJECTIVE-SERVICE] [           main] o.s.o.j.p.SpringPersistenceUnitInfo      : No LoadTimeWeaver setup: ignoring JPA class transformer
2026-05-11T12:24:18.348+05:30  WARN 27268 --- [OKPI-OBJECTIVE-SERVICE] [           main] org.hibernate.orm.deprecation            : HHH90000025: MySQLDialect does not need to be specified explicitly using 'hibernate.dialect' (remove the property setting and it will be selected by default)
2026-05-11T12:24:19.888+05:30  INFO 27268 --- [OKPI-OBJECTIVE-SERVICE] [           main] o.h.e.t.j.p.i.JtaPlatformInitiator       : HHH000489: No JTA platform available (set 'hibernate.transaction.jta.platform' to enable JTA platform integration)
2026-05-11T12:24:19.895+05:30  INFO 27268 --- [OKPI-OBJECTIVE-SERVICE] [           main] j.LocalContainerEntityManagerFactoryBean : Initialized JPA EntityManagerFactory for persistence unit 'default'
2026-05-11T12:24:20.344+05:30  INFO 27268 --- [OKPI-OBJECTIVE-SERVICE] [           main] o.s.d.j.r.query.QueryEnhancerFactory     : Hibernate is in classpath; If applicable, HQL parser will be used.
2026-05-11T12:24:21.377+05:30  WARN 27268 --- [OKPI-OBJECTIVE-SERVICE] [           main] JpaBaseConfiguration$JpaWebConfiguration : spring.jpa.open-in-view is enabled by default. Therefore, database queries may be performed during view rendering. Explicitly configure spring.jpa.open-in-view to disable this warning
2026-05-11T12:24:22.126+05:30  INFO 27268 --- [OKPI-OBJECTIVE-SERVICE] [           main] DiscoveryClientOptionalArgsConfiguration : Eureka HTTP Client uses RestTemplate.
2026-05-11T12:24:22.181+05:30  WARN 27268 --- [OKPI-OBJECTIVE-SERVICE] [           main] iguration$LoadBalancerCaffeineWarnLogger : Spring Cloud LoadBalancer is currently working with the default cache. While this cache implementation is useful for development and tests, it's recommended to use Caffeine cache in production.You can switch to using Caffeine cache, by adding it and org.springframework.cache.caffeine.CaffeineCacheManager to the classpath.
2026-05-11T12:24:22.222+05:30  INFO 27268 --- [OKPI-OBJECTIVE-SERVICE] [           main] o.s.c.n.eureka.InstanceInfoFactory       : Setting initial instance status as: STARTING
2026-05-11T12:24:22.359+05:30  INFO 27268 --- [OKPI-OBJECTIVE-SERVICE] [           main] com.netflix.discovery.DiscoveryClient    : Initializing Eureka in region us-east-1
2026-05-11T12:24:22.368+05:30  INFO 27268 --- [OKPI-OBJECTIVE-SERVICE] [           main] c.n.d.s.r.aws.ConfigClusterResolver      : Resolving eureka endpoints via configuration
2026-05-11T12:24:22.404+05:30  INFO 27268 --- [OKPI-OBJECTIVE-SERVICE] [           main] com.netflix.discovery.DiscoveryClient    : Disable delta property : false
2026-05-11T12:24:22.405+05:30  INFO 27268 --- [OKPI-OBJECTIVE-SERVICE] [           main] com.netflix.discovery.DiscoveryClient    : Single vip registry refresh property : null
2026-05-11T12:24:22.405+05:30  INFO 27268 --- [OKPI-OBJECTIVE-SERVICE] [           main] com.netflix.discovery.DiscoveryClient    : Force full registry fetch : false
2026-05-11T12:24:22.406+05:30  INFO 27268 --- [OKPI-OBJECTIVE-SERVICE] [           main] com.netflix.discovery.DiscoveryClient    : Application is null : false
2026-05-11T12:24:22.406+05:30  INFO 27268 --- [OKPI-OBJECTIVE-SERVICE] [           main] com.netflix.discovery.DiscoveryClient    : Registered Applications size is zero : true
2026-05-11T12:24:22.407+05:30  INFO 27268 --- [OKPI-OBJECTIVE-SERVICE] [           main] com.netflix.discovery.DiscoveryClient    : Application version is -1: true
2026-05-11T12:24:22.408+05:30  INFO 27268 --- [OKPI-OBJECTIVE-SERVICE] [           main] com.netflix.discovery.DiscoveryClient    : Getting all instance registry info from the eureka server
2026-05-11T12:24:23.112+05:30  INFO 27268 --- [OKPI-OBJECTIVE-SERVICE] [           main] com.netflix.discovery.DiscoveryClient    : The response status is 200
2026-05-11T12:24:23.118+05:30  INFO 27268 --- [OKPI-OBJECTIVE-SERVICE] [           main] com.netflix.discovery.DiscoveryClient    : Starting heartbeat executor: renew interval is: 30
2026-05-11T12:24:23.124+05:30  INFO 27268 --- [OKPI-OBJECTIVE-SERVICE] [           main] c.n.discovery.InstanceInfoReplicator     : InstanceInfoReplicator onDemand update allowed rate per min is 4
2026-05-11T12:24:23.132+05:30  INFO 27268 --- [OKPI-OBJECTIVE-SERVICE] [           main] com.netflix.discovery.DiscoveryClient    : Discovery Client initialized at timestamp 1778482463131 with initial instances count: 4
2026-05-11T12:24:23.138+05:30  INFO 27268 --- [OKPI-OBJECTIVE-SERVICE] [           main] o.s.c.n.e.s.EurekaServiceRegistry        : Registering application OKPI-OBJECTIVE-SERVICE with eureka with status UP
2026-05-11T12:24:23.139+05:30  INFO 27268 --- [OKPI-OBJECTIVE-SERVICE] [           main] com.netflix.discovery.DiscoveryClient    : Saw local status change event StatusChangeEvent [timestamp=1778482463139, current=UP, previous=STARTING]
2026-05-11T12:24:23.142+05:30  INFO 27268 --- [OKPI-OBJECTIVE-SERVICE] [nfoReplicator-0] com.netflix.discovery.DiscoveryClient    : DiscoveryClient_OKPI-OBJECTIVE-SERVICE/LMPG055ZBN.mshome.net:OKPI-OBJECTIVE-SERVICE:8083: registering service...
2026-05-11T12:24:23.179+05:30  INFO 27268 --- [OKPI-OBJECTIVE-SERVICE] [           main] o.s.b.w.embedded.tomcat.TomcatWebServer  : Tomcat started on port 8083 (http) with context path ''
2026-05-11T12:24:23.181+05:30  INFO 27268 --- [OKPI-OBJECTIVE-SERVICE] [           main] .s.c.n.e.s.EurekaAutoServiceRegistration : Updating port to 8083
2026-05-11T12:24:23.206+05:30  INFO 27268 --- [OKPI-OBJECTIVE-SERVICE] [           main] c.l.o.o.OkpiObjectiveServiceApplication  : Started OkpiObjectiveServiceApplication in 9.681 seconds (process running for 10.285)
2026-05-11T12:24:23.211+05:30  INFO 27268 --- [OKPI-OBJECTIVE-SERVICE] [nfoReplicator-0] com.netflix.discovery.DiscoveryClient    : DiscoveryClient_OKPI-OBJECTIVE-SERVICE/LMPG055ZBN.mshome.net:OKPI-OBJECTIVE-SERVICE:8083 - registration status: 204
2026-05-11T12:25:59.519+05:30  INFO 27268 --- [OKPI-OBJECTIVE-SERVICE] [nio-8083-exec-1] o.a.c.c.C.[Tomcat].[localhost].[/]       : Initializing Spring DispatcherServlet 'dispatcherServlet'
2026-05-11T12:25:59.520+05:30  INFO 27268 --- [OKPI-OBJECTIVE-SERVICE] [nio-8083-exec-1] o.s.web.servlet.DispatcherServlet        : Initializing Servlet 'dispatcherServlet'
2026-05-11T12:25:59.522+05:30  INFO 27268 --- [OKPI-OBJECTIVE-SERVICE] [nio-8083-exec-1] o.s.web.servlet.DispatcherServlet        : Completed initialization in 1 ms
Hibernate: select o1_0.id,o1_0.created_at,o1_0.description,o1_0.end_date,o1_0.is_deleted,o1_0.owner_id,o1_0.progress_percentage,o1_0.start_date,o1_0.status,o1_0.title,o1_0.updated_at from objectives o1_0 where o1_0.is_deleted=0 and (? is null or o1_0.status=?) and (? is null or o1_0.owner_id=?) and (? is null or lower(o1_0.title) like lower(concat('%',?,'%')) escape '') order by o1_0.created_at desc,o1_0.created_at desc limit ?,?
Hibernate: select o1_0.id,o1_0.created_at,o1_0.description,o1_0.end_date,o1_0.is_deleted,o1_0.owner_id,o1_0.progress_percentage,o1_0.start_date,o1_0.status,o1_0.title,o1_0.updated_at from objectives o1_0 where o1_0.is_deleted=0 and (? is null or o1_0.status=?) and (? is null or o1_0.owner_id=?) and (? is null or lower(o1_0.title) like lower(concat('%',?,'%')) escape '') order by o1_0.created_at desc,o1_0.created_at desc limit ?,?
Hibernate: select o1_0.id,o1_0.created_at,o1_0.description,o1_0.end_date,o1_0.is_deleted,o1_0.owner_id,o1_0.progress_percentage,o1_0.start_date,o1_0.status,o1_0.title,o1_0.updated_at from objectives o1_0 where o1_0.is_deleted=0 and (? is null or o1_0.status=?) and (? is null or o1_0.owner_id=?) and (? is null or lower(o1_0.title) like lower(concat('%',?,'%')) escape '') order by o1_0.created_at desc,o1_0.created_at desc limit ?,?
Hibernate: select o1_0.id,o1_0.created_at,o1_0.description,o1_0.end_date,o1_0.is_deleted,o1_0.owner_id,o1_0.progress_percentage,o1_0.start_date,o1_0.status,o1_0.title,o1_0.updated_at from objectives o1_0 where o1_0.is_deleted=0 and (? is null or o1_0.status=?) and (? is null or o1_0.owner_id=?) and (? is null or lower(o1_0.title) like lower(concat('%',?,'%')) escape '') order by o1_0.created_at desc,o1_0.created_at desc limit ?,?
2026-05-11T12:26:49.196+05:30  INFO 27268 --- [OKPI-OBJECTIVE-SERVICE] [nio-8083-exec-5] c.l.o.o.s.impl.ObjectiveServiceImpl      : Creating objective 'yuio' for user 12
2026-05-11T12:26:49.196+05:30  WARN 27268 --- [OKPI-OBJECTIVE-SERVICE] [nio-8083-exec-5] c.l.o.o.e.GlobalExceptionHandler         : Access denied: Only managers and admins can create objectives
Hibernate: select o1_0.id,o1_0.created_at,o1_0.description,o1_0.end_date,o1_0.is_deleted,o1_0.owner_id,o1_0.progress_percentage,o1_0.start_date,o1_0.status,o1_0.title,o1_0.updated_at from objectives o1_0 where o1_0.is_deleted=0 and (? is null or o1_0.status=?) and (? is null or o1_0.owner_id=?) and (? is null or lower(o1_0.title) like lower(concat('%',?,'%')) escape '') order by o1_0.created_at desc,o1_0.created_at desc limit ?,?
Hibernate: select o1_0.id,o1_0.created_at,o1_0.description,o1_0.end_date,o1_0.is_deleted,o1_0.owner_id,o1_0.progress_percentage,o1_0.start_date,o1_0.status,o1_0.title,o1_0.updated_at from objectives o1_0 where o1_0.is_deleted=0 and (? is null or o1_0.status=?) and (? is null or o1_0.owner_id=?) and (? is null or lower(o1_0.title) like lower(concat('%',?,'%')) escape '') order by o1_0.created_at desc,o1_0.created_at desc limit ?,?
Hibernate: select o1_0.id,o1_0.created_at,o1_0.description,o1_0.end_date,o1_0.is_deleted,o1_0.owner_id,o1_0.progress_percentage,o1_0.start_date,o1_0.status,o1_0.title,o1_0.updated_at from objectives o1_0 where o1_0.is_deleted=0 and (? is null or o1_0.status=?) and (? is null or o1_0.owner_id=?) and (? is null or lower(o1_0.title) like lower(concat('%',?,'%')) escape '') order by o1_0.created_at desc,o1_0.created_at desc limit ?,?
Hibernate: select o1_0.id,o1_0.created_at,o1_0.description,o1_0.end_date,o1_0.is_deleted,o1_0.owner_id,o1_0.progress_percentage,o1_0.start_date,o1_0.status,o1_0.title,o1_0.updated_at from objectives o1_0 where o1_0.is_deleted=0 and (? is null or o1_0.status=?) and (? is null or o1_0.owner_id=?) and (? is null or lower(o1_0.title) like lower(concat('%',?,'%')) escape '') order by o1_0.created_at desc,o1_0.created_at desc limit ?,?
2026-05-11T12:29:22.422+05:30  INFO 27268 --- [OKPI-OBJECTIVE-SERVICE] [trap-executor-0] c.n.d.s.r.aws.ConfigClusterResolver      : Resolving eureka endpoints via configuration
Hibernate: select o1_0.id,o1_0.created_at,o1_0.description,o1_0.end_date,o1_0.is_deleted,o1_0.owner_id,o1_0.progress_percentage,o1_0.start_date,o1_0.status,o1_0.title,o1_0.updated_at from objectives o1_0 where o1_0.is_deleted=0 and (? is null or o1_0.status=?) and (? is null or o1_0.owner_id=?) and (? is null or lower(o1_0.title) like lower(concat('%',?,'%')) escape '') order by o1_0.created_at desc,o1_0.created_at desc limit ?,?
Hibernate: select o1_0.id,o1_0.created_at,o1_0.description,o1_0.end_date,o1_0.is_deleted,o1_0.owner_id,o1_0.progress_percentage,o1_0.start_date,o1_0.status,o1_0.title,o1_0.updated_at from objectives o1_0 where o1_0.is_deleted=0 and (? is null or o1_0.status=?) and (? is null or o1_0.owner_id=?) and (? is null or lower(o1_0.title) like lower(concat('%',?,'%')) escape '') order by o1_0.created_at desc,o1_0.created_at desc limit ?,?
2026-05-11T12:34:24.044+05:30  INFO 27268 --- [OKPI-OBJECTIVE-SERVICE] [trap-executor-0] c.n.d.s.r.aws.ConfigClusterResolver      : Resolving eureka endpoints via configuration
2026-05-11T12:41:18.318+05:30  WARN 27268 --- [OKPI-OBJECTIVE-SERVICE] [l-1 housekeeper] com.zaxxer.hikari.pool.HikariPool        : HikariPool-1 - Thread starvation or clock leap detected (housekeeper delta=3m25s918ms389µs800ns).
2026-05-11T12:42:23.060+05:30  INFO 27268 --- [OKPI-OBJECTIVE-SERVICE] [trap-executor-0] c.n.d.s.r.aws.ConfigClusterResolver      : Resolving eureka endpoints via configuration
2026-05-11T12:47:23.062+05:30  INFO 27268 --- [OKPI-OBJECTIVE-SERVICE] [trap-executor-0] c.n.d.s.r.aws.ConfigClusterResolver      : Resolving eureka endpoints via configuration
2026-05-11T12:52:23.075+05:30  INFO 27268 --- [OKPI-OBJECTIVE-SERVICE] [trap-executor-0] c.n.d.s.r.aws.ConfigClusterResolver      : Resolving eureka endpoints via configuration
2026-05-11T13:43:58.531+05:30  WARN 27268 --- [OKPI-OBJECTIVE-SERVICE] [l-1 housekeeper] com.zaxxer.hikari.pool.HikariPool        : HikariPool-1 - Thread starvation or clock leap detected (housekeeper delta=47m9s964ms536µs).
2026-05-11T13:44:03.043+05:30  INFO 27268 --- [OKPI-OBJECTIVE-SERVICE] [trap-executor-0] c.n.d.s.r.aws.ConfigClusterResolver      : Resolving eureka endpoints via configuration
2026-05-11T13:45:25.859+05:30 ERROR 27268 --- [OKPI-OBJECTIVE-SERVICE] [nio-8083-exec-4] c.l.o.o.e.GlobalExceptionHandler         : Unexpected error

org.springframework.web.servlet.resource.NoResourceFoundException: No static resource actuator/health.
	at org.springframework.web.servlet.resource.ResourceHttpRequestHandler.handleRequest(ResourceHttpRequestHandler.java:585) ~[spring-webmvc-6.1.6.jar:6.1.6]
	at org.springframework.web.servlet.mvc.HttpRequestHandlerAdapter.handle(HttpRequestHandlerAdapter.java:52) ~[spring-webmvc-6.1.6.jar:6.1.6]
	at org.springframework.web.servlet.DispatcherServlet.doDispatch(DispatcherServlet.java:1089) ~[spring-webmvc-6.1.6.jar:6.1.6]
	at org.springframework.web.servlet.DispatcherServlet.doService(DispatcherServlet.java:979) ~[spring-webmvc-6.1.6.jar:6.1.6]
	at org.springframework.web.servlet.FrameworkServlet.processRequest(FrameworkServlet.java:1014) ~[spring-webmvc-6.1.6.jar:6.1.6]
	at org.springframework.web.servlet.FrameworkServlet.doGet(FrameworkServlet.java:903) ~[spring-webmvc-6.1.6.jar:6.1.6]
	at jakarta.servlet.http.HttpServlet.service(HttpServlet.java:564) ~[tomcat-embed-core-10.1.20.jar:6.0]
	at org.springframework.web.servlet.FrameworkServlet.service(FrameworkServlet.java:885) ~[spring-webmvc-6.1.6.jar:6.1.6]
	at jakarta.servlet.http.HttpServlet.service(HttpServlet.java:658) ~[tomcat-embed-core-10.1.20.jar:6.0]
	at org.apache.catalina.core.ApplicationFilterChain.internalDoFilter(ApplicationFilterChain.java:206) ~[tomcat-embed-core-10.1.20.jar:10.1.20]
	at org.apache.catalina.core.ApplicationFilterChain.doFilter(ApplicationFilterChain.java:150) ~[tomcat-embed-core-10.1.20.jar:10.1.20]
	at org.apache.tomcat.websocket.server.WsFilter.doFilter(WsFilter.java:51) ~[tomcat-embed-websocket-10.1.20.jar:10.1.20]
	at org.apache.catalina.core.ApplicationFilterChain.internalDoFilter(ApplicationFilterChain.java:175) ~[tomcat-embed-core-10.1.20.jar:10.1.20]
	at org.apache.catalina.core.ApplicationFilterChain.doFilter(ApplicationFilterChain.java:150) ~[tomcat-embed-core-10.1.20.jar:10.1.20]
	at org.springframework.web.filter.RequestContextFilter.doFilterInternal(RequestContextFilter.java:100) ~[spring-web-6.1.6.jar:6.1.6]
	at org.springframework.web.filter.OncePerRequestFilter.doFilter(OncePerRequestFilter.java:116) ~[spring-web-6.1.6.jar:6.1.6]
	at org.apache.catalina.core.ApplicationFilterChain.internalDoFilter(ApplicationFilterChain.java:175) ~[tomcat-embed-core-10.1.20.jar:10.1.20]
	at org.apache.catalina.core.ApplicationFilterChain.doFilter(ApplicationFilterChain.java:150) ~[tomcat-embed-core-10.1.20.jar:10.1.20]
	at org.springframework.web.filter.FormContentFilter.doFilterInternal(FormContentFilter.java:93) ~[spring-web-6.1.6.jar:6.1.6]
	at org.springframework.web.filter.OncePerRequestFilter.doFilter(OncePerRequestFilter.java:116) ~[spring-web-6.1.6.jar:6.1.6]
	at org.apache.catalina.core.ApplicationFilterChain.internalDoFilter(ApplicationFilterChain.java:175) ~[tomcat-embed-core-10.1.20.jar:10.1.20]
	at org.apache.catalina.core.ApplicationFilterChain.doFilter(ApplicationFilterChain.java:150) ~[tomcat-embed-core-10.1.20.jar:10.1.20]
	at org.springframework.web.filter.CharacterEncodingFilter.doFilterInternal(CharacterEncodingFilter.java:201) ~[spring-web-6.1.6.jar:6.1.6]
	at org.springframework.web.filter.OncePerRequestFilter.doFilter(OncePerRequestFilter.java:116) ~[spring-web-6.1.6.jar:6.1.6]
	at org.apache.catalina.core.ApplicationFilterChain.internalDoFilter(ApplicationFilterChain.java:175) ~[tomcat-embed-core-10.1.20.jar:10.1.20]
	at org.apache.catalina.core.ApplicationFilterChain.doFilter(ApplicationFilterChain.java:150) ~[tomcat-embed-core-10.1.20.jar:10.1.20]
	at org.apache.catalina.core.StandardWrapperValve.invoke(StandardWrapperValve.java:167) ~[tomcat-embed-core-10.1.20.jar:10.1.20]
	at org.apache.catalina.core.StandardContextValve.invoke(StandardContextValve.java:90) ~[tomcat-embed-core-10.1.20.jar:10.1.20]
	at org.apache.catalina.authenticator.AuthenticatorBase.invoke(AuthenticatorBase.java:482) ~[tomcat-embed-core-10.1.20.jar:10.1.20]
	at org.apache.catalina.core.StandardHostValve.invoke(StandardHostValve.java:115) ~[tomcat-embed-core-10.1.20.jar:10.1.20]
	at org.apache.catalina.valves.ErrorReportValve.invoke(ErrorReportValve.java:93) ~[tomcat-embed-core-10.1.20.jar:10.1.20]
	at org.apache.catalina.core.StandardEngineValve.invoke(StandardEngineValve.java:74) ~[tomcat-embed-core-10.1.20.jar:10.1.20]
	at org.apache.catalina.connector.CoyoteAdapter.service(CoyoteAdapter.java:344) ~[tomcat-embed-core-10.1.20.jar:10.1.20]
	at org.apache.coyote.http11.Http11Processor.service(Http11Processor.java:391) ~[tomcat-embed-core-10.1.20.jar:10.1.20]
	at org.apache.coyote.AbstractProcessorLight.process(AbstractProcessorLight.java:63) ~[tomcat-embed-core-10.1.20.jar:10.1.20]
	at org.apache.coyote.AbstractProtocol$ConnectionHandler.process(AbstractProtocol.java:896) ~[tomcat-embed-core-10.1.20.jar:10.1.20]
	at org.apache.tomcat.util.net.NioEndpoint$SocketProcessor.doRun(NioEndpoint.java:1736) ~[tomcat-embed-core-10.1.20.jar:10.1.20]
	at org.apache.tomcat.util.net.SocketProcessorBase.run(SocketProcessorBase.java:52) ~[tomcat-embed-core-10.1.20.jar:10.1.20]
	at org.apache.tomcat.util.threads.ThreadPoolExecutor.runWorker(ThreadPoolExecutor.java:1191) ~[tomcat-embed-core-10.1.20.jar:10.1.20]
	at org.apache.tomcat.util.threads.ThreadPoolExecutor$Worker.run(ThreadPoolExecutor.java:659) ~[tomcat-embed-core-10.1.20.jar:10.1.20]
	at org.apache.tomcat.util.threads.TaskThread$WrappingRunnable.run(TaskThread.java:63) ~[tomcat-embed-core-10.1.20.jar:10.1.20]
	at java.base/java.lang.Thread.run(Thread.java:1583) ~[na:na]

2026-05-11T13:45:51.980+05:30 ERROR 27268 --- [OKPI-OBJECTIVE-SERVICE] [nio-8083-exec-5] c.l.o.o.e.GlobalExceptionHandler         : Unexpected error

org.springframework.web.servlet.resource.NoResourceFoundException: No static resource actuator/health.
	at org.springframework.web.servlet.resource.ResourceHttpRequestHandler.handleRequest(ResourceHttpRequestHandler.java:585) ~[spring-webmvc-6.1.6.jar:6.1.6]
	at org.springframework.web.servlet.mvc.HttpRequestHandlerAdapter.handle(HttpRequestHandlerAdapter.java:52) ~[spring-webmvc-6.1.6.jar:6.1.6]
	at org.springframework.web.servlet.DispatcherServlet.doDispatch(DispatcherServlet.java:1089) ~[spring-webmvc-6.1.6.jar:6.1.6]
	at org.springframework.web.servlet.DispatcherServlet.doService(DispatcherServlet.java:979) ~[spring-webmvc-6.1.6.jar:6.1.6]
	at org.springframework.web.servlet.FrameworkServlet.processRequest(FrameworkServlet.java:1014) ~[spring-webmvc-6.1.6.jar:6.1.6]
	at org.springframework.web.servlet.FrameworkServlet.doGet(FrameworkServlet.java:903) ~[spring-webmvc-6.1.6.jar:6.1.6]
	at jakarta.servlet.http.HttpServlet.service(HttpServlet.java:564) ~[tomcat-embed-core-10.1.20.jar:6.0]
	at org.springframework.web.servlet.FrameworkServlet.service(FrameworkServlet.java:885) ~[spring-webmvc-6.1.6.jar:6.1.6]
	at jakarta.servlet.http.HttpServlet.service(HttpServlet.java:658) ~[tomcat-embed-core-10.1.20.jar:6.0]
	at org.apache.catalina.core.ApplicationFilterChain.internalDoFilter(ApplicationFilterChain.java:206) ~[tomcat-embed-core-10.1.20.jar:10.1.20]
	at org.apache.catalina.core.ApplicationFilterChain.doFilter(ApplicationFilterChain.java:150) ~[tomcat-embed-core-10.1.20.jar:10.1.20]
	at org.apache.tomcat.websocket.server.WsFilter.doFilter(WsFilter.java:51) ~[tomcat-embed-websocket-10.1.20.jar:10.1.20]
	at org.apache.catalina.core.ApplicationFilterChain.internalDoFilter(ApplicationFilterChain.java:175) ~[tomcat-embed-core-10.1.20.jar:10.1.20]
	at org.apache.catalina.core.ApplicationFilterChain.doFilter(ApplicationFilterChain.java:150) ~[tomcat-embed-core-10.1.20.jar:10.1.20]
	at org.springframework.web.filter.RequestContextFilter.doFilterInternal(RequestContextFilter.java:100) ~[spring-web-6.1.6.jar:6.1.6]
	at org.springframework.web.filter.OncePerRequestFilter.doFilter(OncePerRequestFilter.java:116) ~[spring-web-6.1.6.jar:6.1.6]
	at org.apache.catalina.core.ApplicationFilterChain.internalDoFilter(ApplicationFilterChain.java:175) ~[tomcat-embed-core-10.1.20.jar:10.1.20]
	at org.apache.catalina.core.ApplicationFilterChain.doFilter(ApplicationFilterChain.java:150) ~[tomcat-embed-core-10.1.20.jar:10.1.20]
	at org.springframework.web.filter.FormContentFilter.doFilterInternal(FormContentFilter.java:93) ~[spring-web-6.1.6.jar:6.1.6]
	at org.springframework.web.filter.OncePerRequestFilter.doFilter(OncePerRequestFilter.java:116) ~[spring-web-6.1.6.jar:6.1.6]
	at org.apache.catalina.core.ApplicationFilterChain.internalDoFilter(ApplicationFilterChain.java:175) ~[tomcat-embed-core-10.1.20.jar:10.1.20]
	at org.apache.catalina.core.ApplicationFilterChain.doFilter(ApplicationFilterChain.java:150) ~[tomcat-embed-core-10.1.20.jar:10.1.20]
	at org.springframework.web.filter.CharacterEncodingFilter.doFilterInternal(CharacterEncodingFilter.java:201) ~[spring-web-6.1.6.jar:6.1.6]
	at org.springframework.web.filter.OncePerRequestFilter.doFilter(OncePerRequestFilter.java:116) ~[spring-web-6.1.6.jar:6.1.6]
	at org.apache.catalina.core.ApplicationFilterChain.internalDoFilter(ApplicationFilterChain.java:175) ~[tomcat-embed-core-10.1.20.jar:10.1.20]
	at org.apache.catalina.core.ApplicationFilterChain.doFilter(ApplicationFilterChain.java:150) ~[tomcat-embed-core-10.1.20.jar:10.1.20]
	at org.apache.catalina.core.StandardWrapperValve.invoke(StandardWrapperValve.java:167) ~[tomcat-embed-core-10.1.20.jar:10.1.20]
	at org.apache.catalina.core.StandardContextValve.invoke(StandardContextValve.java:90) ~[tomcat-embed-core-10.1.20.jar:10.1.20]
	at org.apache.catalina.authenticator.AuthenticatorBase.invoke(AuthenticatorBase.java:482) ~[tomcat-embed-core-10.1.20.jar:10.1.20]
	at org.apache.catalina.core.StandardHostValve.invoke(StandardHostValve.java:115) ~[tomcat-embed-core-10.1.20.jar:10.1.20]
	at org.apache.catalina.valves.ErrorReportValve.invoke(ErrorReportValve.java:93) ~[tomcat-embed-core-10.1.20.jar:10.1.20]
	at org.apache.catalina.core.StandardEngineValve.invoke(StandardEngineValve.java:74) ~[tomcat-embed-core-10.1.20.jar:10.1.20]
	at org.apache.catalina.connector.CoyoteAdapter.service(CoyoteAdapter.java:344) ~[tomcat-embed-core-10.1.20.jar:10.1.20]
	at org.apache.coyote.http11.Http11Processor.service(Http11Processor.java:391) ~[tomcat-embed-core-10.1.20.jar:10.1.20]
	at org.apache.coyote.AbstractProcessorLight.process(AbstractProcessorLight.java:63) ~[tomcat-embed-core-10.1.20.jar:10.1.20]
	at org.apache.coyote.AbstractProtocol$ConnectionHandler.process(AbstractProtocol.java:896) ~[tomcat-embed-core-10.1.20.jar:10.1.20]
	at org.apache.tomcat.util.net.NioEndpoint$SocketProcessor.doRun(NioEndpoint.java:1736) ~[tomcat-embed-core-10.1.20.jar:10.1.20]
	at org.apache.tomcat.util.net.SocketProcessorBase.run(SocketProcessorBase.java:52) ~[tomcat-embed-core-10.1.20.jar:10.1.20]
	at org.apache.tomcat.util.threads.ThreadPoolExecutor.runWorker(ThreadPoolExecutor.java:1191) ~[tomcat-embed-core-10.1.20.jar:10.1.20]
	at org.apache.tomcat.util.threads.ThreadPoolExecutor$Worker.run(ThreadPoolExecutor.java:659) ~[tomcat-embed-core-10.1.20.jar:10.1.20]
	at org.apache.tomcat.util.threads.TaskThread$WrappingRunnable.run(TaskThread.java:63) ~[tomcat-embed-core-10.1.20.jar:10.1.20]
	at java.base/java.lang.Thread.run(Thread.java:1583) ~[na:na]

2026-05-11T14:07:12.980+05:30  WARN 27268 --- [OKPI-OBJECTIVE-SERVICE] [l-1 housekeeper] com.zaxxer.hikari.pool.HikariPool        : HikariPool-1 - Thread starvation or clock leap detected (housekeeper delta=21m14s418ms635µs400ns).
2026-05-11T14:09:47.469+05:30  INFO 27268 --- [OKPI-OBJECTIVE-SERVICE] [trap-executor-0] c.n.d.s.r.aws.ConfigClusterResolver      : Resolving eureka endpoints via configuration
2026-05-11T14:14:47.485+05:30  INFO 27268 --- [OKPI-OBJECTIVE-SERVICE] [trap-executor-0] c.n.d.s.r.aws.ConfigClusterResolver      : Resolving eureka endpoints via configuration
2026-05-11T14:19:47.491+05:30  INFO 27268 --- [OKPI-OBJECTIVE-SERVICE] [trap-executor-0] c.n.d.s.r.aws.ConfigClusterResolver      : Resolving eureka endpoints via configuration
2026-05-11T14:24:47.508+05:30  INFO 27268 --- [OKPI-OBJECTIVE-SERVICE] [trap-executor-0] c.n.d.s.r.aws.ConfigClusterResolver      : Resolving eureka endpoints via configuration
2026-05-11T14:29:47.521+05:30  INFO 27268 --- [OKPI-OBJECTIVE-SERVICE] [trap-executor-0] c.n.d.s.r.aws.ConfigClusterResolver      : Resolving eureka endpoints via configuration
