[INFO] Scanning for projects...
[WARNING] 
[WARNING] Some problems were encountered while building the effective model for com.laerdal:okpi-discovery-server:jar:0.0.1-SNAPSHOT
[WARNING] 'build.plugins.plugin.version' for org.springframework.boot:spring-boot-maven-plugin is missing. @ line 38, column 21
[WARNING] 
[WARNING] Some problems were encountered while building the effective model for com.laerdal:okpi-api-gateway:jar:0.0.1-SNAPSHOT
[WARNING] 'build.plugins.plugin.version' for org.springframework.boot:spring-boot-maven-plugin is missing. @ line 67, column 21
[WARNING] 
[WARNING] Some problems were encountered while building the effective model for com.laerdal:okpi-auth-service:jar:0.0.1-SNAPSHOT
[WARNING] 'build.plugins.plugin.version' for org.springframework.boot:spring-boot-maven-plugin is missing. @ line 113, column 21
[WARNING] 
[WARNING] Some problems were encountered while building the effective model for com.laerdal:okpi-objective-service:jar:0.0.1-SNAPSHOT
[WARNING] 'build.plugins.plugin.version' for org.apache.maven.plugins:maven-compiler-plugin is missing. @ line 80, column 21
[WARNING] 'build.plugins.plugin.version' for org.springframework.boot:spring-boot-maven-plugin is missing. @ line 98, column 21
[WARNING] 
[WARNING] Some problems were encountered while building the effective model for com.laerdal:okpi-kpi-service:jar:0.0.1-SNAPSHOT
[WARNING] 'build.plugins.plugin.version' for org.springframework.boot:spring-boot-maven-plugin is missing. @ line 74, column 21
[WARNING] 
[WARNING] It is highly recommended to fix these problems because they threaten the stability of your build.
[WARNING] 
[WARNING] For this reason, future Maven versions might no longer support building such malformed projects.
[WARNING] 
[INFO] 
[INFO] -------------------< com.laerdal:okpi-auth-service >--------------------
[INFO] Building okpi-auth-service 0.0.1-SNAPSHOT
[INFO]   from pom.xml
[INFO] --------------------------------[ jar ]---------------------------------
[INFO] 
[INFO] >>> spring-boot:4.1.0-RC1:run (default-cli) > test-compile @ okpi-auth-service >>>
[INFO] 
[INFO] --- resources:3.4.0:resources (default-resources) @ okpi-auth-service ---
[INFO] Copying 5 resources from src\main\resources to target\classes
[INFO] 
[INFO] --- compiler:3.15.0:compile (default-compile) @ okpi-auth-service ---
[INFO] Recompiling the module because of added or removed source files.
[INFO] Compiling 34 source files with javac [debug target 21] to target\classes
[INFO] Annotation processing is enabled because one or more processors were found
  on the class path. A future release of javac may disable annotation processing
  unless at least one processor is specified by name (-processor), or a search
  path is specified (--processor-path, --processor-module-path), or annotation
  processing is enabled explicitly (-proc:only, -proc:full).
  Use -Xlint:-options to suppress this message.
  Use -proc:none to disable annotation processing.
[INFO] 
[INFO] --- resources:3.4.0:testResources (default-testResources) @ okpi-auth-service ---
[INFO] skip non existing resourceDirectory C:\Users\INSSA6\OneDrive - Laerdal Medical AS\Desktop\okpi\okpi-auth-service\src\test\resources
[INFO] 
[INFO] --- compiler:3.15.0:testCompile (default-testCompile) @ okpi-auth-service ---
[INFO] Recompiling the module because of changed dependency.
[INFO] Compiling 7 source files with javac [debug target 21] to target\test-classes
[INFO] Annotation processing is enabled because one or more processors were found
  on the class path. A future release of javac may disable annotation processing
  unless at least one processor is specified by name (-processor), or a search
  path is specified (--processor-path, --processor-module-path), or annotation
  processing is enabled explicitly (-proc:only, -proc:full).
  Use -Xlint:-options to suppress this message.
  Use -proc:none to disable annotation processing.
[INFO] 
[INFO] <<< spring-boot:4.1.0-RC1:run (default-cli) < test-compile @ okpi-auth-service <<<
[INFO] 
[INFO] 
[INFO] --- spring-boot:4.1.0-RC1:run (default-cli) @ okpi-auth-service ---
[INFO] Attaching agents: []

  .   ____          _            __ _ _
 /\\ / ___'_ __ _ _(_)_ __  __ _ \ \ \ \
( ( )\___ | '_ | '_| | '_ \/ _` | \ \ \ \
 \\/  ___)| |_)| | | | | || (_| |  ) ) ) )
  '  |____| .__|_| |_|_| |_\__, | / / / /
 =========|_|==============|___/=/_/_/_/
 :: Spring Boot ::                (v3.2.5)

2026-05-11T12:24:14.290+05:30  INFO 22612 --- [OKPI-AUTH-SERVICE] [           main] c.l.o.auth.OkpiAuthServiceApplication    : Starting OkpiAuthServiceApplication using Java 21.0.10 with PID 22612 (C:\Users\INSSA6\OneDrive - Laerdal Medical AS\Desktop\okpi\okpi-auth-service\target\classes started by INSSA6 in C:\Users\INSSA6\OneDrive - Laerdal Medical AS\Desktop\okpi\okpi-auth-service)
2026-05-11T12:24:14.297+05:30  INFO 22612 --- [OKPI-AUTH-SERVICE] [           main] c.l.o.auth.OkpiAuthServiceApplication    : No active profile set, falling back to 1 default profile: "default"
2026-05-11T12:24:15.613+05:30  INFO 22612 --- [OKPI-AUTH-SERVICE] [           main] .s.d.r.c.RepositoryConfigurationDelegate : Bootstrapping Spring Data JPA repositories in DEFAULT mode.
2026-05-11T12:24:15.806+05:30  INFO 22612 --- [OKPI-AUTH-SERVICE] [           main] .s.d.r.c.RepositoryConfigurationDelegate : Finished Spring Data repository scanning in 180 ms. Found 2 JPA repository interfaces.
2026-05-11T12:24:16.193+05:30  INFO 22612 --- [OKPI-AUTH-SERVICE] [           main] o.s.cloud.context.scope.GenericScope     : BeanFactory id=67c2fb2a-e7b5-39b2-884f-6f956be6bec8
2026-05-11T12:24:16.448+05:30  WARN 22612 --- [OKPI-AUTH-SERVICE] [           main] trationDelegate$BeanPostProcessorChecker : Bean 'org.springframework.cloud.client.loadbalancer.LoadBalancerAutoConfiguration$DeferringLoadBalancerInterceptorConfig' of type [org.springframework.cloud.client.loadbalancer.LoadBalancerAutoConfiguration$DeferringLoadBalancerInterceptorConfig] is not eligible for getting processed by all BeanPostProcessors (for example: not eligible for auto-proxying). The currently created BeanPostProcessor [lbRestClientPostProcessor] is declared through a non-static factory method on that class; consider declaring it as static instead.
2026-05-11T12:24:16.453+05:30  WARN 22612 --- [OKPI-AUTH-SERVICE] [           main] trationDelegate$BeanPostProcessorChecker : Bean 'deferringLoadBalancerInterceptor' of type [org.springframework.cloud.client.loadbalancer.DeferringLoadBalancerInterceptor] is not eligible for getting processed by all BeanPostProcessors (for example: not eligible for auto-proxying). Is this bean getting eagerly injected into a currently created BeanPostProcessor [lbRestClientPostProcessor]? Check the corresponding BeanPostProcessor declaration and its dependencies.
2026-05-11T12:24:16.777+05:30  INFO 22612 --- [OKPI-AUTH-SERVICE] [           main] o.s.b.w.embedded.tomcat.TomcatWebServer  : Tomcat initialized with port 8081 (http)
2026-05-11T12:24:16.805+05:30  INFO 22612 --- [OKPI-AUTH-SERVICE] [           main] o.apache.catalina.core.StandardService   : Starting service [Tomcat]
2026-05-11T12:24:16.806+05:30  INFO 22612 --- [OKPI-AUTH-SERVICE] [           main] o.apache.catalina.core.StandardEngine    : Starting Servlet engine: [Apache Tomcat/10.1.20]
2026-05-11T12:24:16.917+05:30  INFO 22612 --- [OKPI-AUTH-SERVICE] [           main] o.a.c.c.C.[Tomcat].[localhost].[/]       : Initializing Spring embedded WebApplicationContext
2026-05-11T12:24:16.919+05:30  INFO 22612 --- [OKPI-AUTH-SERVICE] [           main] w.s.c.ServletWebServerApplicationContext : Root WebApplicationContext: initialization completed in 2522 ms
2026-05-11T12:24:17.043+05:30  INFO 22612 --- [OKPI-AUTH-SERVICE] [           main] com.zaxxer.hikari.HikariDataSource       : HikariPool-1 - Starting...
2026-05-11T12:24:17.492+05:30  INFO 22612 --- [OKPI-AUTH-SERVICE] [           main] com.zaxxer.hikari.pool.HikariPool        : HikariPool-1 - Added connection com.mysql.cj.jdbc.ConnectionImpl@3d1c52f5
2026-05-11T12:24:17.496+05:30  INFO 22612 --- [OKPI-AUTH-SERVICE] [           main] com.zaxxer.hikari.HikariDataSource       : HikariPool-1 - Start completed.
2026-05-11T12:24:17.643+05:30  INFO 22612 --- [OKPI-AUTH-SERVICE] [           main] o.f.c.internal.license.VersionPrinter    : Flyway Community Edition 9.22.3 by Redgate
2026-05-11T12:24:17.645+05:30  INFO 22612 --- [OKPI-AUTH-SERVICE] [           main] o.f.c.internal.license.VersionPrinter    : See release notes here: https://rd.gt/416ObMi
2026-05-11T12:24:17.646+05:30  INFO 22612 --- [OKPI-AUTH-SERVICE] [           main] o.f.c.internal.license.VersionPrinter    : 
2026-05-11T12:24:17.680+05:30  INFO 22612 --- [OKPI-AUTH-SERVICE] [           main] org.flywaydb.core.FlywayExecutor         : Database: jdbc:mysql://localhost:3306/okpi_auth (MySQL 8.0)
2026-05-11T12:24:17.760+05:30  INFO 22612 --- [OKPI-AUTH-SERVICE] [           main] o.f.core.internal.command.DbValidate     : Successfully validated 4 migrations (execution time 00:00.042s)
2026-05-11T12:24:17.786+05:30  INFO 22612 --- [OKPI-AUTH-SERVICE] [           main] o.f.core.internal.command.DbMigrate      : Current version of schema `okpi_auth`: 4
2026-05-11T12:24:17.792+05:30  INFO 22612 --- [OKPI-AUTH-SERVICE] [           main] o.f.core.internal.command.DbMigrate      : Schema `okpi_auth` is up to date. No migration necessary.
2026-05-11T12:24:17.915+05:30  INFO 22612 --- [OKPI-AUTH-SERVICE] [           main] o.hibernate.jpa.internal.util.LogHelper  : HHH000204: Processing PersistenceUnitInfo [name: default]
2026-05-11T12:24:17.991+05:30  INFO 22612 --- [OKPI-AUTH-SERVICE] [           main] org.hibernate.Version                    : HHH000412: Hibernate ORM core version 6.4.4.Final
2026-05-11T12:24:18.038+05:30  INFO 22612 --- [OKPI-AUTH-SERVICE] [           main] o.h.c.internal.RegionFactoryInitiator    : HHH000026: Second-level cache disabled
2026-05-11T12:24:18.369+05:30  INFO 22612 --- [OKPI-AUTH-SERVICE] [           main] o.s.o.j.p.SpringPersistenceUnitInfo      : No LoadTimeWeaver setup: ignoring JPA class transformer
2026-05-11T12:24:18.462+05:30  WARN 22612 --- [OKPI-AUTH-SERVICE] [           main] org.hibernate.orm.deprecation            : HHH90000025: MySQL8Dialect does not need to be specified explicitly using 'hibernate.dialect' (remove the property setting and it will be selected by default)
2026-05-11T12:24:18.463+05:30  WARN 22612 --- [OKPI-AUTH-SERVICE] [           main] org.hibernate.orm.deprecation            : HHH90000026: MySQL8Dialect has been deprecated; use org.hibernate.dialect.MySQLDialect instead
2026-05-11T12:24:19.928+05:30  INFO 22612 --- [OKPI-AUTH-SERVICE] [           main] o.h.e.t.j.p.i.JtaPlatformInitiator       : HHH000489: No JTA platform available (set 'hibernate.transaction.jta.platform' to enable JTA platform integration)
2026-05-11T12:24:19.986+05:30  INFO 22612 --- [OKPI-AUTH-SERVICE] [           main] j.LocalContainerEntityManagerFactoryBean : Initialized JPA EntityManagerFactory for persistence unit 'default'
2026-05-11T12:24:20.412+05:30  INFO 22612 --- [OKPI-AUTH-SERVICE] [           main] o.s.d.j.r.query.QueryEnhancerFactory     : Hibernate is in classpath; If applicable, HQL parser will be used.
2026-05-11T12:24:21.322+05:30  WARN 22612 --- [OKPI-AUTH-SERVICE] [           main] JpaBaseConfiguration$JpaWebConfiguration : spring.jpa.open-in-view is enabled by default. Therefore, database queries may be performed during view rendering. Explicitly configure spring.jpa.open-in-view to disable this warning
2026-05-11T12:24:21.848+05:30  INFO 22612 --- [OKPI-AUTH-SERVICE] [           main] o.s.s.web.DefaultSecurityFilterChain     : Will secure any request with [org.springframework.security.web.session.DisableEncodeUrlFilter@201a6b7d, org.springframework.security.web.context.request.async.WebAsyncManagerIntegrationFilter@71b6886, org.springframework.security.web.context.SecurityContextHolderFilter@4c6e0143, org.springframework.security.web.header.HeaderWriterFilter@6537dc79, org.springframework.web.filter.CorsFilter@7bdab06c, org.springframework.security.web.authentication.logout.LogoutFilter@414fd9f2, com.laerdal.okpi.auth.security.JwtAuthenticationFilter@5410bbdf, org.springframework.security.web.savedrequest.RequestCacheAwareFilter@591e3e5e, org.springframework.security.web.servletapi.SecurityContextHolderAwareRequestFilter@a308ffd, org.springframework.security.web.authentication.AnonymousAuthenticationFilter@620bab73, org.springframework.security.web.session.SessionManagementFilter@20b1f874, org.springframework.security.web.access.ExceptionTranslationFilter@21ec723c, org.springframework.security.web.access.intercept.AuthorizationFilter@6068e9d9]
2026-05-11T12:24:22.446+05:30  INFO 22612 --- [OKPI-AUTH-SERVICE] [           main] DiscoveryClientOptionalArgsConfiguration : Eureka HTTP Client uses RestTemplate.
2026-05-11T12:24:22.574+05:30  WARN 22612 --- [OKPI-AUTH-SERVICE] [           main] iguration$LoadBalancerCaffeineWarnLogger : Spring Cloud LoadBalancer is currently working with the default cache. While this cache implementation is useful for development and tests, it's recommended to use Caffeine cache in production.You can switch to using Caffeine cache, by adding it and org.springframework.cache.caffeine.CaffeineCacheManager to the classpath.
2026-05-11T12:24:22.630+05:30  INFO 22612 --- [OKPI-AUTH-SERVICE] [           main] o.s.c.n.eureka.InstanceInfoFactory       : Setting initial instance status as: STARTING
2026-05-11T12:24:22.868+05:30  INFO 22612 --- [OKPI-AUTH-SERVICE] [           main] com.netflix.discovery.DiscoveryClient    : Initializing Eureka in region us-east-1
2026-05-11T12:24:22.881+05:30  INFO 22612 --- [OKPI-AUTH-SERVICE] [           main] c.n.d.s.r.aws.ConfigClusterResolver      : Resolving eureka endpoints via configuration
2026-05-11T12:24:22.925+05:30  INFO 22612 --- [OKPI-AUTH-SERVICE] [           main] com.netflix.discovery.DiscoveryClient    : Disable delta property : false
2026-05-11T12:24:22.927+05:30  INFO 22612 --- [OKPI-AUTH-SERVICE] [           main] com.netflix.discovery.DiscoveryClient    : Single vip registry refresh property : null
2026-05-11T12:24:22.928+05:30  INFO 22612 --- [OKPI-AUTH-SERVICE] [           main] com.netflix.discovery.DiscoveryClient    : Force full registry fetch : false
2026-05-11T12:24:22.928+05:30  INFO 22612 --- [OKPI-AUTH-SERVICE] [           main] com.netflix.discovery.DiscoveryClient    : Application is null : false
2026-05-11T12:24:22.929+05:30  INFO 22612 --- [OKPI-AUTH-SERVICE] [           main] com.netflix.discovery.DiscoveryClient    : Registered Applications size is zero : true
2026-05-11T12:24:22.930+05:30  INFO 22612 --- [OKPI-AUTH-SERVICE] [           main] com.netflix.discovery.DiscoveryClient    : Application version is -1: true
2026-05-11T12:24:22.930+05:30  INFO 22612 --- [OKPI-AUTH-SERVICE] [           main] com.netflix.discovery.DiscoveryClient    : Getting all instance registry info from the eureka server
2026-05-11T12:24:23.580+05:30  INFO 22612 --- [OKPI-AUTH-SERVICE] [           main] com.netflix.discovery.DiscoveryClient    : The response status is 200
2026-05-11T12:24:23.586+05:30  INFO 22612 --- [OKPI-AUTH-SERVICE] [           main] com.netflix.discovery.DiscoveryClient    : Starting heartbeat executor: renew interval is: 30
2026-05-11T12:24:23.592+05:30  INFO 22612 --- [OKPI-AUTH-SERVICE] [           main] c.n.discovery.InstanceInfoReplicator     : InstanceInfoReplicator onDemand update allowed rate per min is 4
2026-05-11T12:24:23.599+05:30  INFO 22612 --- [OKPI-AUTH-SERVICE] [           main] com.netflix.discovery.DiscoveryClient    : Discovery Client initialized at timestamp 1778482463598 with initial instances count: 4
2026-05-11T12:24:23.607+05:30  INFO 22612 --- [OKPI-AUTH-SERVICE] [           main] o.s.c.n.e.s.EurekaServiceRegistry        : Registering application OKPI-AUTH-SERVICE with eureka with status UP
2026-05-11T12:24:23.608+05:30  INFO 22612 --- [OKPI-AUTH-SERVICE] [           main] com.netflix.discovery.DiscoveryClient    : Saw local status change event StatusChangeEvent [timestamp=1778482463608, current=UP, previous=STARTING]
2026-05-11T12:24:23.612+05:30  INFO 22612 --- [OKPI-AUTH-SERVICE] [nfoReplicator-0] com.netflix.discovery.DiscoveryClient    : DiscoveryClient_OKPI-AUTH-SERVICE/LMPG055ZBN.mshome.net:OKPI-AUTH-SERVICE:8081: registering service...
2026-05-11T12:24:23.645+05:30  INFO 22612 --- [OKPI-AUTH-SERVICE] [           main] o.s.b.w.embedded.tomcat.TomcatWebServer  : Tomcat started on port 8081 (http) with context path ''
2026-05-11T12:24:23.648+05:30  INFO 22612 --- [OKPI-AUTH-SERVICE] [           main] .s.c.n.e.s.EurekaAutoServiceRegistration : Updating port to 8081
2026-05-11T12:24:23.675+05:30  INFO 22612 --- [OKPI-AUTH-SERVICE] [           main] c.l.o.auth.OkpiAuthServiceApplication    : Started OkpiAuthServiceApplication in 10.143 seconds (process running for 10.753)
2026-05-11T12:24:23.685+05:30  INFO 22612 --- [OKPI-AUTH-SERVICE] [nfoReplicator-0] com.netflix.discovery.DiscoveryClient    : DiscoveryClient_OKPI-AUTH-SERVICE/LMPG055ZBN.mshome.net:OKPI-AUTH-SERVICE:8081 - registration status: 204
2026-05-11T12:24:28.421+05:30  INFO 22612 --- [OKPI-AUTH-SERVICE] [nio-8081-exec-1] o.a.c.c.C.[Tomcat].[localhost].[/]       : Initializing Spring DispatcherServlet 'dispatcherServlet'
2026-05-11T12:24:28.422+05:30  INFO 22612 --- [OKPI-AUTH-SERVICE] [nio-8081-exec-1] o.s.web.servlet.DispatcherServlet        : Initializing Servlet 'dispatcherServlet'
2026-05-11T12:24:28.423+05:30  INFO 22612 --- [OKPI-AUTH-SERVICE] [nio-8081-exec-1] o.s.web.servlet.DispatcherServlet        : Completed initialization in 0 ms
Hibernate: select u1_0.id from users u1_0 where u1_0.email=? limit ?
Hibernate: insert into users (is_active,created_at,email,first_name,last_name,password_hash,role,updated_at) values (?,?,?,?,?,?,?,?)
Hibernate: select rt1_0.id,rt1_0.created_at,rt1_0.expires_at,rt1_0.revoked,rt1_0.token,rt1_0.user_id from refresh_tokens rt1_0 where rt1_0.expires_at<?
Hibernate: select rt1_0.id,rt1_0.created_at,rt1_0.expires_at,rt1_0.revoked,rt1_0.token,rt1_0.user_id from refresh_tokens rt1_0 left join users u1_0 on u1_0.id=rt1_0.user_id where u1_0.id=?
Hibernate: insert into refresh_tokens (created_at,expires_at,revoked,token,user_id) values (?,?,?,?,?)
Hibernate: select u1_0.id from users u1_0 where u1_0.email=? limit ?
Hibernate: insert into users (is_active,created_at,email,first_name,last_name,password_hash,role,updated_at) values (?,?,?,?,?,?,?,?)
Hibernate: select rt1_0.id,rt1_0.created_at,rt1_0.expires_at,rt1_0.revoked,rt1_0.token,rt1_0.user_id from refresh_tokens rt1_0 where rt1_0.expires_at<?
Hibernate: select rt1_0.id,rt1_0.created_at,rt1_0.expires_at,rt1_0.revoked,rt1_0.token,rt1_0.user_id from refresh_tokens rt1_0 left join users u1_0 on u1_0.id=rt1_0.user_id where u1_0.id=?
Hibernate: insert into refresh_tokens (created_at,expires_at,revoked,token,user_id) values (?,?,?,?,?)
Hibernate: select u1_0.id from users u1_0 where u1_0.email=? limit ?
Hibernate: insert into users (is_active,created_at,email,first_name,last_name,password_hash,role,updated_at) values (?,?,?,?,?,?,?,?)
Hibernate: select rt1_0.id,rt1_0.created_at,rt1_0.expires_at,rt1_0.revoked,rt1_0.token,rt1_0.user_id from refresh_tokens rt1_0 where rt1_0.expires_at<?
Hibernate: select rt1_0.id,rt1_0.created_at,rt1_0.expires_at,rt1_0.revoked,rt1_0.token,rt1_0.user_id from refresh_tokens rt1_0 left join users u1_0 on u1_0.id=rt1_0.user_id where u1_0.id=?
Hibernate: insert into refresh_tokens (created_at,expires_at,revoked,token,user_id) values (?,?,?,?,?)
Hibernate: select u1_0.id from users u1_0 where u1_0.email=? limit ?
Hibernate: insert into users (is_active,created_at,email,first_name,last_name,password_hash,role,updated_at) values (?,?,?,?,?,?,?,?)
Hibernate: select rt1_0.id,rt1_0.created_at,rt1_0.expires_at,rt1_0.revoked,rt1_0.token,rt1_0.user_id from refresh_tokens rt1_0 where rt1_0.expires_at<?
Hibernate: select rt1_0.id,rt1_0.created_at,rt1_0.expires_at,rt1_0.revoked,rt1_0.token,rt1_0.user_id from refresh_tokens rt1_0 left join users u1_0 on u1_0.id=rt1_0.user_id where u1_0.id=?
Hibernate: insert into refresh_tokens (created_at,expires_at,revoked,token,user_id) values (?,?,?,?,?)
2026-05-11T12:29:22.940+05:30  INFO 22612 --- [OKPI-AUTH-SERVICE] [trap-executor-0] c.n.d.s.r.aws.ConfigClusterResolver      : Resolving eureka endpoints via configuration
2026-05-11T12:34:24.572+05:30  INFO 22612 --- [OKPI-AUTH-SERVICE] [trap-executor-0] c.n.d.s.r.aws.ConfigClusterResolver      : Resolving eureka endpoints via configuration
2026-05-11T12:41:18.447+05:30  WARN 22612 --- [OKPI-AUTH-SERVICE] [l-1 housekeeper] com.zaxxer.hikari.pool.HikariPool        : HikariPool-1 - Thread starvation or clock leap detected (housekeeper delta=3m25s902ms230µs900ns).
2026-05-11T12:42:23.576+05:30  INFO 22612 --- [OKPI-AUTH-SERVICE] [trap-executor-0] c.n.d.s.r.aws.ConfigClusterResolver      : Resolving eureka endpoints via configuration
2026-05-11T12:47:23.587+05:30  INFO 22612 --- [OKPI-AUTH-SERVICE] [trap-executor-0] c.n.d.s.r.aws.ConfigClusterResolver      : Resolving eureka endpoints via configuration
2026-05-11T12:52:23.602+05:30  INFO 22612 --- [OKPI-AUTH-SERVICE] [trap-executor-0] c.n.d.s.r.aws.ConfigClusterResolver      : Resolving eureka endpoints via configuration
2026-05-11T13:43:58.639+05:30  WARN 22612 --- [OKPI-AUTH-SERVICE] [l-1 housekeeper] com.zaxxer.hikari.pool.HikariPool        : HikariPool-1 - Thread starvation or clock leap detected (housekeeper delta=47m9s964ms985µs300ns).
2026-05-11T13:44:03.580+05:30  INFO 22612 --- [OKPI-AUTH-SERVICE] [trap-executor-0] c.n.d.s.r.aws.ConfigClusterResolver      : Resolving eureka endpoints via configuration
2026-05-11T14:07:13.103+05:30  WARN 22612 --- [OKPI-AUTH-SERVICE] [l-1 housekeeper] com.zaxxer.hikari.pool.HikariPool        : HikariPool-1 - Thread starvation or clock leap detected (housekeeper delta=21m14s431ms135µs200ns).
2026-05-11T14:09:48.008+05:30  INFO 22612 --- [OKPI-AUTH-SERVICE] [trap-executor-0] c.n.d.s.r.aws.ConfigClusterResolver      : Resolving eureka endpoints via configuration
2026-05-11T14:14:48.013+05:30  INFO 22612 --- [OKPI-AUTH-SERVICE] [trap-executor-0] c.n.d.s.r.aws.ConfigClusterResolver      : Resolving eureka endpoints via configuration
2026-05-11T14:19:48.018+05:30  INFO 22612 --- [OKPI-AUTH-SERVICE] [trap-executor-0] c.n.d.s.r.aws.ConfigClusterResolver      : Resolving eureka endpoints via configuration
2026-05-11T14:24:48.034+05:30  INFO 22612 --- [OKPI-AUTH-SERVICE] [trap-executor-0] c.n.d.s.r.aws.ConfigClusterResolver      : Resolving eureka endpoints via configuration
2026-05-11T14:29:48.046+05:30  INFO 22612 --- [OKPI-AUTH-SERVICE] [trap-executor-0] c.n.d.s.r.aws.ConfigClusterResolver      : Resolving eureka endpoints via configuration
